[debug] [2024-12-03T22:03:14.564Z] ----------------------------------------------------------------------
[debug] [2024-12-03T22:03:14.568Z] Command:       C:\Program Files\nodejs\node.exe C:\Program Files\nodejs\node_modules\firebase-tools\lib\bin\firebase.js init
[debug] [2024-12-03T22:03:14.569Z] CLI Version:   13.27.0
[debug] [2024-12-03T22:03:14.569Z] Platform:      win32
[debug] [2024-12-03T22:03:14.569Z] Node Version:  v20.11.0
[debug] [2024-12-03T22:03:14.570Z] Time:          Wed Dec 04 2024 03:33:14 GMT+0530 (India Standard Time)
[debug] [2024-12-03T22:03:14.570Z] ----------------------------------------------------------------------
[debug] 
[debug] [2024-12-03T22:03:14.581Z] > command requires scopes: ["email","openid","https://www.googleapis.com/auth/cloudplatformprojects.readonly","https://www.googleapis.com/auth/firebase","https://www.googleapis.com/auth/cloud-platform"]
[debug] [2024-12-03T22:03:14.582Z] > authorizing via signed-in user (kamyajohar21999@gmail.com)
[info] 
     ######## #### ########  ######## ########     ###     ######  ########
     ##        ##  ##     ## ##       ##     ##  ##   ##  ##       ##
     ######    ##  ########  ######   ########  #########  ######  ######
     ##        ##  ##    ##  ##       ##     ## ##     ##       ## ##
     ##       #### ##     ## ######## ########  ##     ##  ######  ########

You're about to initialize a Firebase project in this directory:

  C:\Users\hp\Desktop\showtime

[info] 
=== Project Setup
[info] 
[info] First, let's associate this project directory with a Firebase project.
[info] You can create multiple project aliases by running firebase use --add, 
[info] but for now we'll just set up a default project.
[info] 
